feature-login/build/intermediates/manifest_merge_blame_file/debug/manifest-merger-blame-debug-report.txt
1<?xml version="1.0" encoding="utf-8"?>
2<manifest xmlns:android="http://schemas.android.com/apk/res/android"
3    package="com.example.feature.login" >
4
5    <uses-sdk android:minSdkVersion="21" />
5-->src/main/AndroidManifest.xml
6
7    <application>
7-->src/main/AndroidManifest.xml:4:5-10:19
8
9        <!-- 登录页面 -->
10        <activity
10-->src/main/AndroidManifest.xml:6:9-9:40
11            android:name="com.example.feature.login.ui.LoginActivity"
11-->src/main/AndroidManifest.xml:7:13-45
12            android:exported="false"
12-->src/main/AndroidManifest.xml:9:13-37
13            android:theme="@style/Theme.NoActionBar" />
13-->src/main/AndroidManifest.xml:8:13-53
14    </application>
15
16</manifest>